0 info it worked if it ends with ok
1 verbose cli [ '/Users/Greg/.meteor/packages/meteor-tool/.1.4.1_3.14neuk1++os.osx.x86_64+web.browser+web.cordova/mt-os.osx.x86_64/dev_bundle/bin/node',
1 verbose cli   '/Users/Greg/.meteor/packages/meteor-tool/.1.4.1_3.14neuk1++os.osx.x86_64+web.browser+web.cordova/mt-os.osx.x86_64/dev_bundle/bin/npm',
1 verbose cli   'install',
1 verbose cli   '--save',
1 verbose cli   'raphael.core',
1 verbose cli   'raphael.svg',
1 verbose cli   'raphael.vml' ]
2 info using npm@3.10.8
3 info using node@v4.6.1
4 silly loadCurrentTree Starting
5 silly install loadCurrentTree
6 silly install readLocalPackageData
7 silly fetchPackageMetaData raphael.core
8 silly fetchPackageMetaData raphael.svg
9 silly fetchPackageMetaData raphael.vml
10 silly fetchNamedPackageData raphael.core
11 silly mapToRegistry name raphael.core
12 silly mapToRegistry using default registry
13 silly mapToRegistry registry https://registry.npmjs.org/
14 silly mapToRegistry data Result {
14 silly mapToRegistry   raw: 'raphael.core',
14 silly mapToRegistry   scope: null,
14 silly mapToRegistry   escapedName: 'raphael.core',
14 silly mapToRegistry   name: 'raphael.core',
14 silly mapToRegistry   rawSpec: '',
14 silly mapToRegistry   spec: 'latest',
14 silly mapToRegistry   type: 'tag' }
15 silly mapToRegistry uri https://registry.npmjs.org/raphael.core
16 silly fetchNamedPackageData raphael.svg
17 silly mapToRegistry name raphael.svg
18 silly mapToRegistry using default registry
19 silly mapToRegistry registry https://registry.npmjs.org/
20 silly mapToRegistry data Result {
20 silly mapToRegistry   raw: 'raphael.svg',
20 silly mapToRegistry   scope: null,
20 silly mapToRegistry   escapedName: 'raphael.svg',
20 silly mapToRegistry   name: 'raphael.svg',
20 silly mapToRegistry   rawSpec: '',
20 silly mapToRegistry   spec: 'latest',
20 silly mapToRegistry   type: 'tag' }
21 silly mapToRegistry uri https://registry.npmjs.org/raphael.svg
22 silly fetchNamedPackageData raphael.vml
23 silly mapToRegistry name raphael.vml
24 silly mapToRegistry using default registry
25 silly mapToRegistry registry https://registry.npmjs.org/
26 silly mapToRegistry data Result {
26 silly mapToRegistry   raw: 'raphael.vml',
26 silly mapToRegistry   scope: null,
26 silly mapToRegistry   escapedName: 'raphael.vml',
26 silly mapToRegistry   name: 'raphael.vml',
26 silly mapToRegistry   rawSpec: '',
26 silly mapToRegistry   spec: 'latest',
26 silly mapToRegistry   type: 'tag' }
27 silly mapToRegistry uri https://registry.npmjs.org/raphael.vml
28 verbose request uri https://registry.npmjs.org/raphael.core
29 verbose request no auth needed
30 info attempt registry request try #1 at 3:21:43 PM
31 verbose request id 69f14c41b3ed04a6
32 http request GET https://registry.npmjs.org/raphael.core
33 verbose request uri https://registry.npmjs.org/raphael.svg
34 verbose request no auth needed
35 info attempt registry request try #1 at 3:21:43 PM
36 http request GET https://registry.npmjs.org/raphael.svg
37 verbose request uri https://registry.npmjs.org/raphael.vml
38 verbose request no auth needed
39 info attempt registry request try #1 at 3:21:44 PM
40 http request GET https://registry.npmjs.org/raphael.vml
41 http 404 https://registry.npmjs.org/raphael.core
42 verbose headers { 'content-type': 'application/json',
42 verbose headers   'cache-control': 'max-age=0',
42 verbose headers   'content-length': '2',
42 verbose headers   'accept-ranges': 'bytes',
42 verbose headers   date: 'Mon, 31 Oct 2016 20:21:45 GMT',
42 verbose headers   via: '1.1 varnish',
42 verbose headers   age: '0',
42 verbose headers   connection: 'keep-alive',
42 verbose headers   'x-served-by': 'cache-ord1727-ORD',
42 verbose headers   'x-cache': 'MISS',
42 verbose headers   'x-cache-hits': '0',
42 verbose headers   'x-timer': 'S1477945305.132399,VS0,VE38',
42 verbose headers   vary: 'Accept-Encoding' }
43 silly get cb [ 404,
43 silly get   { 'content-type': 'application/json',
43 silly get     'cache-control': 'max-age=0',
43 silly get     'content-length': '2',
43 silly get     'accept-ranges': 'bytes',
43 silly get     date: 'Mon, 31 Oct 2016 20:21:45 GMT',
43 silly get     via: '1.1 varnish',
43 silly get     age: '0',
43 silly get     connection: 'keep-alive',
43 silly get     'x-served-by': 'cache-ord1727-ORD',
43 silly get     'x-cache': 'MISS',
43 silly get     'x-cache-hits': '0',
43 silly get     'x-timer': 'S1477945305.132399,VS0,VE38',
43 silly get     vary: 'Accept-Encoding' } ]
44 silly fetchPackageMetaData Error: Registry returned 404 for GET on https://registry.npmjs.org/raphael.core
44 silly fetchPackageMetaData     at makeError (/Users/Greg/.meteor/packages/meteor-tool/.1.4.1_3.14neuk1++os.osx.x86_64+web.browser+web.cordova/mt-os.osx.x86_64/dev_bundle/lib/node_modules/npm/node_modules/npm-registry-client/lib/request.js:302:12)
44 silly fetchPackageMetaData     at CachingRegistryClient.<anonymous> (/Users/Greg/.meteor/packages/meteor-tool/.1.4.1_3.14neuk1++os.osx.x86_64+web.browser+web.cordova/mt-os.osx.x86_64/dev_bundle/lib/node_modules/npm/node_modules/npm-registry-client/lib/request.js:280:14)
44 silly fetchPackageMetaData     at Request._callback (/Users/Greg/.meteor/packages/meteor-tool/.1.4.1_3.14neuk1++os.osx.x86_64+web.browser+web.cordova/mt-os.osx.x86_64/dev_bundle/lib/node_modules/npm/node_modules/npm-registry-client/lib/request.js:210:14)
44 silly fetchPackageMetaData     at Request.self.callback (/Users/Greg/.meteor/packages/meteor-tool/.1.4.1_3.14neuk1++os.osx.x86_64+web.browser+web.cordova/mt-os.osx.x86_64/dev_bundle/lib/node_modules/npm/node_modules/request/request.js:187:22)
44 silly fetchPackageMetaData     at emitTwo (events.js:87:13)
44 silly fetchPackageMetaData     at Request.emit (events.js:172:7)
44 silly fetchPackageMetaData     at Request.<anonymous> (/Users/Greg/.meteor/packages/meteor-tool/.1.4.1_3.14neuk1++os.osx.x86_64+web.browser+web.cordova/mt-os.osx.x86_64/dev_bundle/lib/node_modules/npm/node_modules/request/request.js:1044:10)
44 silly fetchPackageMetaData     at emitOne (events.js:77:13)
44 silly fetchPackageMetaData     at Request.emit (events.js:169:7)
44 silly fetchPackageMetaData     at IncomingMessage.<anonymous> (/Users/Greg/.meteor/packages/meteor-tool/.1.4.1_3.14neuk1++os.osx.x86_64+web.browser+web.cordova/mt-os.osx.x86_64/dev_bundle/lib/node_modules/npm/node_modules/request/request.js:965:12)
44 silly fetchPackageMetaData  error for raphael.core { [Error: Registry returned 404 for GET on https://registry.npmjs.org/raphael.core] pkgid: 'raphael.core', statusCode: 404, code: 'E404' }
45 http 404 https://registry.npmjs.org/raphael.svg
46 verbose headers { 'content-type': 'application/json',
46 verbose headers   'cache-control': 'max-age=0',
46 verbose headers   'content-length': '2',
46 verbose headers   'accept-ranges': 'bytes',
46 verbose headers   date: 'Mon, 31 Oct 2016 20:21:45 GMT',
46 verbose headers   via: '1.1 varnish',
46 verbose headers   age: '0',
46 verbose headers   connection: 'keep-alive',
46 verbose headers   'x-served-by': 'cache-ord1740-ORD',
46 verbose headers   'x-cache': 'MISS',
46 verbose headers   'x-cache-hits': '0',
46 verbose headers   'x-timer': 'S1477945305.133553,VS0,VE109',
46 verbose headers   vary: 'Accept-Encoding' }
47 silly get cb [ 404,
47 silly get   { 'content-type': 'application/json',
47 silly get     'cache-control': 'max-age=0',
47 silly get     'content-length': '2',
47 silly get     'accept-ranges': 'bytes',
47 silly get     date: 'Mon, 31 Oct 2016 20:21:45 GMT',
47 silly get     via: '1.1 varnish',
47 silly get     age: '0',
47 silly get     connection: 'keep-alive',
47 silly get     'x-served-by': 'cache-ord1740-ORD',
47 silly get     'x-cache': 'MISS',
47 silly get     'x-cache-hits': '0',
47 silly get     'x-timer': 'S1477945305.133553,VS0,VE109',
47 silly get     vary: 'Accept-Encoding' } ]
48 silly fetchPackageMetaData Error: Registry returned 404 for GET on https://registry.npmjs.org/raphael.svg
48 silly fetchPackageMetaData     at makeError (/Users/Greg/.meteor/packages/meteor-tool/.1.4.1_3.14neuk1++os.osx.x86_64+web.browser+web.cordova/mt-os.osx.x86_64/dev_bundle/lib/node_modules/npm/node_modules/npm-registry-client/lib/request.js:302:12)
48 silly fetchPackageMetaData     at CachingRegistryClient.<anonymous> (/Users/Greg/.meteor/packages/meteor-tool/.1.4.1_3.14neuk1++os.osx.x86_64+web.browser+web.cordova/mt-os.osx.x86_64/dev_bundle/lib/node_modules/npm/node_modules/npm-registry-client/lib/request.js:280:14)
48 silly fetchPackageMetaData     at Request._callback (/Users/Greg/.meteor/packages/meteor-tool/.1.4.1_3.14neuk1++os.osx.x86_64+web.browser+web.cordova/mt-os.osx.x86_64/dev_bundle/lib/node_modules/npm/node_modules/npm-registry-client/lib/request.js:210:14)
48 silly fetchPackageMetaData     at Request.self.callback (/Users/Greg/.meteor/packages/meteor-tool/.1.4.1_3.14neuk1++os.osx.x86_64+web.browser+web.cordova/mt-os.osx.x86_64/dev_bundle/lib/node_modules/npm/node_modules/request/request.js:187:22)
48 silly fetchPackageMetaData     at emitTwo (events.js:87:13)
48 silly fetchPackageMetaData     at Request.emit (events.js:172:7)
48 silly fetchPackageMetaData     at Request.<anonymous> (/Users/Greg/.meteor/packages/meteor-tool/.1.4.1_3.14neuk1++os.osx.x86_64+web.browser+web.cordova/mt-os.osx.x86_64/dev_bundle/lib/node_modules/npm/node_modules/request/request.js:1044:10)
48 silly fetchPackageMetaData     at emitOne (events.js:77:13)
48 silly fetchPackageMetaData     at Request.emit (events.js:169:7)
48 silly fetchPackageMetaData     at IncomingMessage.<anonymous> (/Users/Greg/.meteor/packages/meteor-tool/.1.4.1_3.14neuk1++os.osx.x86_64+web.browser+web.cordova/mt-os.osx.x86_64/dev_bundle/lib/node_modules/npm/node_modules/request/request.js:965:12)
48 silly fetchPackageMetaData  error for raphael.svg { [Error: Registry returned 404 for GET on https://registry.npmjs.org/raphael.svg] pkgid: 'raphael.svg', statusCode: 404, code: 'E404' }
49 http 404 https://registry.npmjs.org/raphael.vml
50 verbose headers { 'content-type': 'application/json',
50 verbose headers   'cache-control': 'max-age=0',
50 verbose headers   'content-length': '2',
50 verbose headers   'accept-ranges': 'bytes',
50 verbose headers   date: 'Mon, 31 Oct 2016 20:21:45 GMT',
50 verbose headers   via: '1.1 varnish',
50 verbose headers   age: '0',
50 verbose headers   connection: 'keep-alive',
50 verbose headers   'x-served-by': 'cache-ord1747-ORD',
50 verbose headers   'x-cache': 'MISS',
50 verbose headers   'x-cache-hits': '0',
50 verbose headers   'x-timer': 'S1477945305.134500,VS0,VE472',
50 verbose headers   vary: 'Accept-Encoding' }
51 silly get cb [ 404,
51 silly get   { 'content-type': 'application/json',
51 silly get     'cache-control': 'max-age=0',
51 silly get     'content-length': '2',
51 silly get     'accept-ranges': 'bytes',
51 silly get     date: 'Mon, 31 Oct 2016 20:21:45 GMT',
51 silly get     via: '1.1 varnish',
51 silly get     age: '0',
51 silly get     connection: 'keep-alive',
51 silly get     'x-served-by': 'cache-ord1747-ORD',
51 silly get     'x-cache': 'MISS',
51 silly get     'x-cache-hits': '0',
51 silly get     'x-timer': 'S1477945305.134500,VS0,VE472',
51 silly get     vary: 'Accept-Encoding' } ]
52 silly fetchPackageMetaData Error: Registry returned 404 for GET on https://registry.npmjs.org/raphael.vml
52 silly fetchPackageMetaData     at makeError (/Users/Greg/.meteor/packages/meteor-tool/.1.4.1_3.14neuk1++os.osx.x86_64+web.browser+web.cordova/mt-os.osx.x86_64/dev_bundle/lib/node_modules/npm/node_modules/npm-registry-client/lib/request.js:302:12)
52 silly fetchPackageMetaData     at CachingRegistryClient.<anonymous> (/Users/Greg/.meteor/packages/meteor-tool/.1.4.1_3.14neuk1++os.osx.x86_64+web.browser+web.cordova/mt-os.osx.x86_64/dev_bundle/lib/node_modules/npm/node_modules/npm-registry-client/lib/request.js:280:14)
52 silly fetchPackageMetaData     at Request._callback (/Users/Greg/.meteor/packages/meteor-tool/.1.4.1_3.14neuk1++os.osx.x86_64+web.browser+web.cordova/mt-os.osx.x86_64/dev_bundle/lib/node_modules/npm/node_modules/npm-registry-client/lib/request.js:210:14)
52 silly fetchPackageMetaData     at Request.self.callback (/Users/Greg/.meteor/packages/meteor-tool/.1.4.1_3.14neuk1++os.osx.x86_64+web.browser+web.cordova/mt-os.osx.x86_64/dev_bundle/lib/node_modules/npm/node_modules/request/request.js:187:22)
52 silly fetchPackageMetaData     at emitTwo (events.js:87:13)
52 silly fetchPackageMetaData     at Request.emit (events.js:172:7)
52 silly fetchPackageMetaData     at Request.<anonymous> (/Users/Greg/.meteor/packages/meteor-tool/.1.4.1_3.14neuk1++os.osx.x86_64+web.browser+web.cordova/mt-os.osx.x86_64/dev_bundle/lib/node_modules/npm/node_modules/request/request.js:1044:10)
52 silly fetchPackageMetaData     at emitOne (events.js:77:13)
52 silly fetchPackageMetaData     at Request.emit (events.js:169:7)
52 silly fetchPackageMetaData     at IncomingMessage.<anonymous> (/Users/Greg/.meteor/packages/meteor-tool/.1.4.1_3.14neuk1++os.osx.x86_64+web.browser+web.cordova/mt-os.osx.x86_64/dev_bundle/lib/node_modules/npm/node_modules/request/request.js:965:12)
52 silly fetchPackageMetaData  error for raphael.vml { [Error: Registry returned 404 for GET on https://registry.npmjs.org/raphael.vml] pkgid: 'raphael.vml', statusCode: 404, code: 'E404' }
53 silly rollbackFailedOptional Starting
54 silly rollbackFailedOptional Finishing
55 silly runTopLevelLifecycles Finishing
56 silly install printInstalled
57 verbose stack Error: Registry returned 404 for GET on https://registry.npmjs.org/raphael.core
57 verbose stack     at makeError (/Users/Greg/.meteor/packages/meteor-tool/.1.4.1_3.14neuk1++os.osx.x86_64+web.browser+web.cordova/mt-os.osx.x86_64/dev_bundle/lib/node_modules/npm/node_modules/npm-registry-client/lib/request.js:302:12)
57 verbose stack     at CachingRegistryClient.<anonymous> (/Users/Greg/.meteor/packages/meteor-tool/.1.4.1_3.14neuk1++os.osx.x86_64+web.browser+web.cordova/mt-os.osx.x86_64/dev_bundle/lib/node_modules/npm/node_modules/npm-registry-client/lib/request.js:280:14)
57 verbose stack     at Request._callback (/Users/Greg/.meteor/packages/meteor-tool/.1.4.1_3.14neuk1++os.osx.x86_64+web.browser+web.cordova/mt-os.osx.x86_64/dev_bundle/lib/node_modules/npm/node_modules/npm-registry-client/lib/request.js:210:14)
57 verbose stack     at Request.self.callback (/Users/Greg/.meteor/packages/meteor-tool/.1.4.1_3.14neuk1++os.osx.x86_64+web.browser+web.cordova/mt-os.osx.x86_64/dev_bundle/lib/node_modules/npm/node_modules/request/request.js:187:22)
57 verbose stack     at emitTwo (events.js:87:13)
57 verbose stack     at Request.emit (events.js:172:7)
57 verbose stack     at Request.<anonymous> (/Users/Greg/.meteor/packages/meteor-tool/.1.4.1_3.14neuk1++os.osx.x86_64+web.browser+web.cordova/mt-os.osx.x86_64/dev_bundle/lib/node_modules/npm/node_modules/request/request.js:1044:10)
57 verbose stack     at emitOne (events.js:77:13)
57 verbose stack     at Request.emit (events.js:169:7)
57 verbose stack     at IncomingMessage.<anonymous> (/Users/Greg/.meteor/packages/meteor-tool/.1.4.1_3.14neuk1++os.osx.x86_64+web.browser+web.cordova/mt-os.osx.x86_64/dev_bundle/lib/node_modules/npm/node_modules/request/request.js:965:12)
58 verbose statusCode 404
59 verbose pkgid raphael.core
60 verbose cwd /Users/Greg/Documents/dtr/guide
61 error Darwin 15.6.0
62 error argv "/Users/Greg/.meteor/packages/meteor-tool/.1.4.1_3.14neuk1++os.osx.x86_64+web.browser+web.cordova/mt-os.osx.x86_64/dev_bundle/bin/node" "/Users/Greg/.meteor/packages/meteor-tool/.1.4.1_3.14neuk1++os.osx.x86_64+web.browser+web.cordova/mt-os.osx.x86_64/dev_bundle/bin/npm" "install" "--save" "raphael.core" "raphael.svg" "raphael.vml"
63 error node v4.6.1
64 error npm  v3.10.8
65 error code E404
66 error 404 Registry returned 404 for GET on https://registry.npmjs.org/raphael.core
67 error 404
68 error 404 'raphael.core' is not in the npm registry.
69 error 404 You should bug the author to publish it (or use the name yourself!)
70 error 404 Note that you can also install from a
71 error 404 tarball, folder, http url, or git url.
72 verbose exit [ 1, true ]
